{"/Users/vedantbedi/Desktop/Everything/Vedant-Career/Code/Web Development/MERN/backend/src/controllers/notes/notesController.js": {"path":"/Users/vedantbedi/Desktop/Everything/Vedant-Career/Code/Web Development/MERN/backend/src/controllers/notes/notesController.js","statementMap":{"0":{"start":{"line":3,"column":4},"end":{"line":9,"column":5}},"1":{"start":{"line":4,"column":22},"end":{"line":4,"column":60}},"2":{"start":{"line":5,"column":8},"end":{"line":5,"column":36}},"3":{"start":{"line":7,"column":8},"end":{"line":7,"column":58}},"4":{"start":{"line":8,"column":8},"end":{"line":8,"column":65}},"5":{"start":{"line":13,"column":4},"end":{"line":19,"column":5}},"6":{"start":{"line":14,"column":22},"end":{"line":14,"column":56}},"7":{"start":{"line":15,"column":8},"end":{"line":15,"column":36}},"8":{"start":{"line":17,"column":8},"end":{"line":17,"column":54}},"9":{"start":{"line":18,"column":8},"end":{"line":18,"column":65}},"10":{"start":{"line":23,"column":4},"end":{"line":32,"column":5}},"11":{"start":{"line":24,"column":34},"end":{"line":24,"column":42}},"12":{"start":{"line":25,"column":24},"end":{"line":25,"column":66}},"13":{"start":{"line":27,"column":26},"end":{"line":27,"column":46}},"14":{"start":{"line":28,"column":8},"end":{"line":28,"column":40}},"15":{"start":{"line":30,"column":8},"end":{"line":30,"column":57}},"16":{"start":{"line":31,"column":8},"end":{"line":31,"column":65}},"17":{"start":{"line":36,"column":4},"end":{"line":47,"column":5}},"18":{"start":{"line":37,"column":33},"end":{"line":37,"column":41}},"19":{"start":{"line":38,"column":28},"end":{"line":38,"column":115}},"20":{"start":{"line":40,"column":8},"end":{"line":42,"column":9}},"21":{"start":{"line":41,"column":12},"end":{"line":41,"column":69}},"22":{"start":{"line":43,"column":8},"end":{"line":43,"column":42}},"23":{"start":{"line":45,"column":8},"end":{"line":45,"column":57}},"24":{"start":{"line":46,"column":8},"end":{"line":46,"column":65}},"25":{"start":{"line":51,"column":4},"end":{"line":57,"column":5}},"26":{"start":{"line":52,"column":21},"end":{"line":52,"column":64}},"27":{"start":{"line":53,"column":8},"end":{"line":53,"column":35}},"28":{"start":{"line":55,"column":8},"end":{"line":55,"column":57}},"29":{"start":{"line":56,"column":8},"end":{"line":56,"column":65}}},"fnMap":{"0":{"name":"getAllNotes","decl":{"start":{"line":2,"column":22},"end":{"line":2,"column":33}},"loc":{"start":{"line":2,"column":44},"end":{"line":10,"column":1}},"line":2},"1":{"name":"getNotebyID","decl":{"start":{"line":12,"column":22},"end":{"line":12,"column":33}},"loc":{"start":{"line":12,"column":43},"end":{"line":20,"column":1}},"line":12},"2":{"name":"creatNotes","decl":{"start":{"line":22,"column":22},"end":{"line":22,"column":32}},"loc":{"start":{"line":22,"column":45},"end":{"line":33,"column":1}},"line":22},"3":{"name":"updateNote","decl":{"start":{"line":35,"column":23},"end":{"line":35,"column":33}},"loc":{"start":{"line":35,"column":46},"end":{"line":48,"column":1}},"line":35},"4":{"name":"deleteNotes","decl":{"start":{"line":50,"column":23},"end":{"line":50,"column":34}},"loc":{"start":{"line":50,"column":45},"end":{"line":58,"column":1}},"line":50}},"branchMap":{"0":{"loc":{"start":{"line":40,"column":8},"end":{"line":42,"column":9}},"type":"if","locations":[{"start":{"line":40,"column":8},"end":{"line":42,"column":9}},{"start":{},"end":{}}],"line":40}},"s":{"0":2,"1":2,"2":1,"3":1,"4":1,"5":2,"6":2,"7":1,"8":1,"9":1,"10":1,"11":1,"12":1,"13":1,"14":0,"15":1,"16":1,"17":3,"18":3,"19":3,"20":2,"21":1,"22":1,"23":1,"24":1,"25":2,"26":2,"27":1,"28":1,"29":1},"f":{"0":2,"1":2,"2":1,"3":3,"4":2},"b":{"0":[1,1]},"inputSourceMap":null,"_coverageSchema":"1a1c01bbd47fc00a2c39e90264f33305004495a9","hash":"baeb36bd0068091b0cc9935de1a7ca8d636bf928"}
,"/Users/vedantbedi/Desktop/Everything/Vedant-Career/Code/Web Development/MERN/backend/src/middleware/rateLimiter.js": {"path":"/Users/vedantbedi/Desktop/Everything/Vedant-Career/Code/Web Development/MERN/backend/src/middleware/rateLimiter.js","statementMap":{"0":{"start":{"line":5,"column":20},"end":{"line":19,"column":1}},"1":{"start":{"line":6,"column":4},"end":{"line":18,"column":5}},"2":{"start":{"line":7,"column":25},"end":{"line":7,"column":62}},"3":{"start":{"line":9,"column":7},"end":{"line":14,"column":8}},"4":{"start":{"line":10,"column":8},"end":{"line":10,"column":67}},"5":{"start":{"line":13,"column":8},"end":{"line":13,"column":15}},"6":{"start":{"line":16,"column":8},"end":{"line":16,"column":27}},"7":{"start":{"line":17,"column":8},"end":{"line":17,"column":20}}},"fnMap":{"0":{"name":"(anonymous_0)","decl":{"start":{"line":5,"column":20},"end":{"line":5,"column":21}},"loc":{"start":{"line":5,"column":46},"end":{"line":19,"column":1}},"line":5}},"branchMap":{"0":{"loc":{"start":{"line":9,"column":7},"end":{"line":14,"column":8}},"type":"if","locations":[{"start":{"line":9,"column":7},"end":{"line":14,"column":8}},{"start":{"line":12,"column":11},"end":{"line":14,"column":8}}],"line":9}},"s":{"0":0,"1":0,"2":0,"3":0,"4":0,"5":0,"6":0,"7":0},"f":{"0":0},"b":{"0":[0,0]},"inputSourceMap":null}
,"/Users/vedantbedi/Desktop/Everything/Vedant-Career/Code/Web Development/MERN/backend/src/models/Note.js": {"path":"/Users/vedantbedi/Desktop/Everything/Vedant-Career/Code/Web Development/MERN/backend/src/models/Note.js","statementMap":{"0":{"start":{"line":3,"column":19},"end":{"line":13,"column":21}},"1":{"start":{"line":15,"column":13},"end":{"line":15,"column":47}}},"fnMap":{},"branchMap":{},"s":{"0":2,"1":2},"f":{},"b":{},"inputSourceMap":null,"_coverageSchema":"1a1c01bbd47fc00a2c39e90264f33305004495a9","hash":"a0b644d5fb4f94df87a84be37bfb05ccdf1f0aed"}
,"/Users/vedantbedi/Desktop/Everything/Vedant-Career/Code/Web Development/MERN/backend/src/routes/notesRoutes.js": {"path":"/Users/vedantbedi/Desktop/Everything/Vedant-Career/Code/Web Development/MERN/backend/src/routes/notesRoutes.js","statementMap":{"0":{"start":{"line":3,"column":15},"end":{"line":3,"column":31}},"1":{"start":{"line":5,"column":0},"end":{"line":5,"column":29}},"2":{"start":{"line":7,"column":0},"end":{"line":7,"column":32}},"3":{"start":{"line":9,"column":0},"end":{"line":9,"column":29}},"4":{"start":{"line":11,"column":0},"end":{"line":11,"column":31}},"5":{"start":{"line":13,"column":0},"end":{"line":13,"column":35}}},"fnMap":{},"branchMap":{},"s":{"0":0,"1":0,"2":0,"3":0,"4":0,"5":0},"f":{},"b":{},"inputSourceMap":null}
}
