TN:
SF:src/controllers/notes/notesController.js
FN:2,getAllNotes
FN:12,getNotebyID
FN:22,creatNotes
FN:35,updateNote
FN:50,deleteNotes
FNF:5
FNH:5
FNDA:2,getAllNotes
FNDA:2,getNotebyID
FNDA:1,creatNotes
FNDA:3,updateNote
FNDA:2,deleteNotes
DA:3,2
DA:4,2
DA:5,1
DA:7,1
DA:8,1
DA:13,2
DA:14,2
DA:15,1
DA:17,1
DA:18,1
DA:23,1
DA:24,1
DA:25,1
DA:27,1
DA:28,0
DA:30,1
DA:31,1
DA:36,3
DA:37,3
DA:38,3
DA:40,2
DA:41,1
DA:43,1
DA:45,1
DA:46,1
DA:51,2
DA:52,2
DA:53,1
DA:55,1
DA:56,1
LF:30
LH:29
BRDA:40,0,0,1
BRDA:40,0,1,1
BRF:2
BRH:2
end_of_record
TN:
SF:src/middleware/rateLimiter.js
FN:5,(anonymous_0)
FNF:1
FNH:0
FNDA:0,(anonymous_0)
DA:5,0
DA:6,0
DA:7,0
DA:9,0
DA:10,0
DA:13,0
DA:16,0
DA:17,0
LF:8
LH:0
BRDA:9,0,0,0
BRDA:9,0,1,0
BRF:2
BRH:0
end_of_record
TN:
SF:src/models/Note.js
FNF:0
FNH:0
DA:3,2
DA:15,2
LF:2
LH:2
BRF:0
BRH:0
end_of_record
TN:
SF:src/routes/notesRoutes.js
FNF:0
FNH:0
DA:3,0
DA:5,0
DA:7,0
DA:9,0
DA:11,0
DA:13,0
LF:6
LH:0
BRF:0
BRH:0
end_of_record
